./sdriver.pl -t trace01.txt -s ./tsh -a "-p"
#
# trace01.txt - Properly terminate on EOF.
#
./sdriver.pl -t trace02.txt -s ./tsh -a "-p"
#
# trace02.txt - Process builtin quit command.
#
./sdriver.pl -t trace03.txt -s ./tsh -a "-p"
#
# trace03.txt - Run a foreground job.
#
tsh> quit
./sdriver.pl -t trace04.txt -s ./tsh -a "-p"
#
# trace04.txt - Run a background job.
#
tsh> ./myspin 1 &
[1] (11210) ./myspin 1 &
./sdriver.pl -t trace05.txt -s ./tsh -a "-p"
#
# trace05.txt - Process jobs builtin command.
#
tsh> ./myspin 2 &
[1] (11215) ./myspin 2 &
tsh> ./myspin 3 &
[2] (11217) ./myspin 3 &
tsh> jobs
[1] (11215) Running ./myspin 2 &
[2] (11217) Running ./myspin 3 &
./sdriver.pl -t trace06.txt -s ./tsh -a "-p"
#
# trace06.txt - Forward SIGINT to foreground job.
#
tsh> ./myspin 4
Job [1] (11223) terminated by signal 2
./sdriver.pl -t trace07.txt -s ./tsh -a "-p"
#
# trace07.txt - Forward SIGINT only to foreground job.
#
tsh> ./myspin 4 &
[1] (11228) ./myspin 4 &
tsh> ./myspin 5
Job [2] (11230) terminated by signal 2
tsh> jobs
[1] (11228) Running ./myspin 4 &
./sdriver.pl -t trace08.txt -s ./tsh -a "-p"
#
# trace08.txt - Forward SIGTSTP only to foreground job.
#
tsh> ./myspin 4 &
[1] (11237) ./myspin 4 &
tsh> ./myspin 5
Job [2] (11239) stopped by signal 20
tsh> jobs
[1] (11237) Running ./myspin 4 &
[2] (11239) Stopped ./myspin 5 
./sdriver.pl -t trace09.txt -s ./tsh -a "-p"
#
# trace09.txt - Process bg builtin command
#
tsh> ./myspin 4 &
[1] (11245) ./myspin 4 &
tsh> ./myspin 5
Job [2] (11247) stopped by signal 20
tsh> jobs
[1] (11245) Running ./myspin 4 &
[2] (11247) Stopped ./myspin 5 
tsh> bg %2
[2] (11247) ./myspin 5 
tsh> jobs
[1] (11245) Running ./myspin 4 &
[2] (11247) Running ./myspin 5 
./sdriver.pl -t trace10.txt -s ./tsh -a "-p"
#
# trace10.txt - Process fg builtin command. 
#
tsh> ./myspin 4 &
[1] (11255) ./myspin 4 &
tsh> fg %1
Job [1] (11255) stopped by signal 20
tsh> jobs
[1] (11255) Stopped ./myspin 4 &
tsh> fg %1
tsh> jobs
./sdriver.pl -t trace11.txt -s ./tsh -a "-p"
#
# trace11.txt - Forward SIGINT to every process in foreground process group
#
tsh> ./mysplit 4
Job [1] (11265) terminated by signal 2
tsh> /bin/ps a
  PID TTY      STAT   TIME COMMAND
 1357 tty4     Ss+    0:00 /sbin/getty -8 38400 tty4
 1366 tty5     Ss+    0:00 /sbin/getty -8 38400 tty5
 1376 tty2     Ss+    0:00 /sbin/getty -8 38400 tty2
 1377 tty3     Ss+    0:00 /sbin/getty -8 38400 tty3
 1381 tty6     Ss+    0:00 /sbin/getty -8 38400 tty6
 1483 tty7     Ss+    4:18 /usr/bin/X :0 -auth /var/run/lightdm/root/:0 -nolisten tcp vt7 -novtswitch -background none
 1811 tty1     Ss+    0:00 /sbin/getty -8 38400 tty1
 3085 pts/0    Ss     0:01 zsh
11195 pts/0    S+     0:00 make tests
11261 pts/0    S+     0:00 /bin/sh -c ./sdriver.pl -t trace11.txt -s ./tsh -a "-p"
11262 pts/0    S+     0:00 /usr/bin/perl ./sdriver.pl -t trace11.txt -s ./tsh -a -p
11263 pts/0    R+     0:02 ./tsh -p
11268 pts/0    R      0:00 /bin/ps a
./sdriver.pl -t trace12.txt -s ./tsh -a "-p"
#
# trace12.txt - Forward SIGTSTP to every process in foreground process group
#
tsh> ./mysplit 4
Job [1] (11273) stopped by signal 20
tsh> jobs
[1] (11273) Stopped ./mysplit 4 
tsh> /bin/ps a
  PID TTY      STAT   TIME COMMAND
 1357 tty4     Ss+    0:00 /sbin/getty -8 38400 tty4
 1366 tty5     Ss+    0:00 /sbin/getty -8 38400 tty5
 1376 tty2     Ss+    0:00 /sbin/getty -8 38400 tty2
 1377 tty3     Ss+    0:00 /sbin/getty -8 38400 tty3
 1381 tty6     Ss+    0:00 /sbin/getty -8 38400 tty6
 1483 tty7     Ss+    4:18 /usr/bin/X :0 -auth /var/run/lightdm/root/:0 -nolisten tcp vt7 -novtswitch -background none
 1811 tty1     Ss+    0:00 /sbin/getty -8 38400 tty1
 3085 pts/0    Ss     0:01 zsh
11195 pts/0    S+     0:00 make tests
11269 pts/0    S+     0:00 /bin/sh -c ./sdriver.pl -t trace12.txt -s ./tsh -a "-p"
11270 pts/0    S+     0:00 /usr/bin/perl ./sdriver.pl -t trace12.txt -s ./tsh -a -p
11271 pts/0    R+     0:02 ./tsh -p
11273 pts/0    T      0:00 ./mysplit 4
11274 pts/0    T      0:00 ./mysplit 4
11277 pts/0    R      0:00 /bin/ps a
./sdriver.pl -t trace13.txt -s ./tsh -a "-p"
#
# trace13.txt - Restart every stopped process in process group
#
tsh> ./mysplit 4
Job [1] (11282) stopped by signal 20
tsh> jobs
[1] (11282) Stopped ./mysplit 4 
tsh> /bin/ps a
  PID TTY      STAT   TIME COMMAND
 1357 tty4     Ss+    0:00 /sbin/getty -8 38400 tty4
 1366 tty5     Ss+    0:00 /sbin/getty -8 38400 tty5
 1376 tty2     Ss+    0:00 /sbin/getty -8 38400 tty2
 1377 tty3     Ss+    0:00 /sbin/getty -8 38400 tty3
 1381 tty6     Ss+    0:00 /sbin/getty -8 38400 tty6
 1483 tty7     Ss+    4:18 /usr/bin/X :0 -auth /var/run/lightdm/root/:0 -nolisten tcp vt7 -novtswitch -background none
 1811 tty1     Ss+    0:00 /sbin/getty -8 38400 tty1
 3085 pts/0    Ss     0:01 zsh
11195 pts/0    S+     0:00 make tests
11278 pts/0    S+     0:00 /bin/sh -c ./sdriver.pl -t trace13.txt -s ./tsh -a "-p"
11279 pts/0    S+     0:00 /usr/bin/perl ./sdriver.pl -t trace13.txt -s ./tsh -a -p
11280 pts/0    R+     0:02 ./tsh -p
11282 pts/0    T      0:00 ./mysplit 4
11283 pts/0    T      0:00 ./mysplit 4
11286 pts/0    R      0:00 /bin/ps a
tsh> fg %1
tsh> /bin/ps a
  PID TTY      STAT   TIME COMMAND
 1357 tty4     Ss+    0:00 /sbin/getty -8 38400 tty4
 1366 tty5     Ss+    0:00 /sbin/getty -8 38400 tty5
 1376 tty2     Ss+    0:00 /sbin/getty -8 38400 tty2
 1377 tty3     Ss+    0:00 /sbin/getty -8 38400 tty3
 1381 tty6     Ss+    0:00 /sbin/getty -8 38400 tty6
 1483 tty7     Ss+    4:18 /usr/bin/X :0 -auth /var/run/lightdm/root/:0 -nolisten tcp vt7 -novtswitch -background none
 1811 tty1     Ss+    0:00 /sbin/getty -8 38400 tty1
 3085 pts/0    Ss     0:01 zsh
11195 pts/0    S+     0:00 make tests
11278 pts/0    S+     0:00 /bin/sh -c ./sdriver.pl -t trace13.txt -s ./tsh -a "-p"
11279 pts/0    S+     0:00 /usr/bin/perl ./sdriver.pl -t trace13.txt -s ./tsh -a -p
11280 pts/0    R+     0:04 ./tsh -p
11289 pts/0    R      0:00 /bin/ps a
./sdriver.pl -t trace14.txt -s ./tsh -a "-p"
#
# trace14.txt - Simple error handling
#
tsh> ./bogus
./bogus: Command not found
tsh> ./myspin 4 &
[1] (11296) ./myspin 4 &
tsh> fg
fg command requires PID or %jobid argument
tsh> bg
bg command requires PID or %jobid argument
tsh> fg a
fg: argument must be a PID or %jobid
tsh> bg a
bg: argument must be a PID or %jobid
tsh> fg 9999999
(9999999): No such process
tsh> bg 9999999
(9999999): No such process
tsh> fg %2
%2: No such job
tsh> fg %1
Job [1] (11296) stopped by signal 20
tsh> bg %2
%2: No such job
tsh> bg %1
[1] (11296) ./myspin 4 &
tsh> jobs
[1] (11296) Running ./myspin 4 &
./sdriver.pl -t trace15.txt -s ./tsh -a "-p"
#
# trace15.txt - Putting it all together
#
tsh> ./bogus
./bogus: Command not found
tsh> ./myspin 10
Job [1] (11314) terminated by signal 2
tsh> ./myspin 3 &
[1] (11317) ./myspin 3 &
tsh> ./myspin 4 &
[2] (11319) ./myspin 4 &
tsh> jobs
[1] (11317) Running ./myspin 3 &
[2] (11319) Running ./myspin 4 &
tsh> fg %1
Job [1] (11317) stopped by signal 20
tsh> jobs
[1] (11317) Stopped ./myspin 3 &
[2] (11319) Running ./myspin 4 &
tsh> bg %3
%3: No such job
tsh> bg %1
[1] (11317) ./myspin 3 &
tsh> jobs
[1] (11317) Running ./myspin 3 &
[2] (11319) Running ./myspin 4 &
tsh> fg %1
tsh> quit
./sdriver.pl -t trace16.txt -s ./tsh -a "-p"
#
# trace16.txt - Tests whether the shell can handle SIGTSTP and SIGINT
#     signals that come from other processes instead of the terminal.
#
tsh> ./mystop 2
Job [1] (11332) stopped by signal 20
tsh> jobs
[1] (11332) Stopped ./mystop 2
tsh> ./myint 2
Job [2] (11335) terminated by signal 2
all time
